[1/38] Building CXX object CMakeFiles/hpc_graph.dir/extern/hpc_graph/src/scc.cpp.o
FAILED: CMakeFiles/hpc_graph.dir/extern/hpc_graph/src/scc.cpp.o 
/usr/bin/g++-14 -DKASPAN_STATISTIC -I/mnt/c/Users/User/workspace/KaSpan/include -I/mnt/c/Users/User/workspace/KaSpan/scc/include -I/mnt/c/Users/User/workspace/KaSpan -I/mnt/c/Users/User/workspace/KaSpan/extern/hpc_graph/include -g -std=c++23 -flto=auto -fno-fat-lto-objects -fdiagnostics-color=always -fopenmp -MD -MT CMakeFiles/hpc_graph.dir/extern/hpc_graph/src/scc.cpp.o -MF CMakeFiles/hpc_graph.dir/extern/hpc_graph/src/scc.cpp.o.d -o CMakeFiles/hpc_graph.dir/extern/hpc_graph/src/scc.cpp.o -c /mnt/c/Users/User/workspace/KaSpan/extern/hpc_graph/src/scc.cpp
In file included from /mnt/c/Users/User/workspace/KaSpan/extern/hpc_graph/src/scc.cpp:57:
/mnt/c/Users/User/workspace/KaSpan/scc/include/debug/statistic.hpp: In function ‘void kaspan_statistic_mpi_write_json(const char*)’:
/mnt/c/Users/User/workspace/KaSpan/scc/include/debug/statistic.hpp:186:22: error: no matching function for call to ‘gather(const int&, std::nullptr_t, int)’
  186 |     mpi_basic::gather(buffer_size, nullptr, 0);
      |     ~~~~~~~~~~~~~~~~~^~~~~~~~~~~~~~~~~~~~~~~~~
In file included from /mnt/c/Users/User/workspace/KaSpan/scc/include/mpi_basic/mpi_basic.hpp:14,
                 from /mnt/c/Users/User/workspace/KaSpan/scc/include/debug/statistic.hpp:10:
/mnt/c/Users/User/workspace/KaSpan/scc/include/mpi_basic/gather.hpp:21:1: note: candidate: ‘template<class T> void mpi_basic::gather(const T*, int, T*, int, int)’
   21 | gather(T const* send_buffer, int send_count, T* recv_buffer, int recv_count, int root = 0)
      | ^~~~~~
/mnt/c/Users/User/workspace/KaSpan/scc/include/mpi_basic/gather.hpp:21:1: note:   candidate expects 4 arguments, 3 provided
/mnt/c/Users/User/workspace/KaSpan/scc/include/mpi_basic/gather.hpp:36:1: note: candidate: ‘template<class T> void mpi_basic::gather(const T&, T*, int)’
   36 | gather(T const& send_value, T* recv_buffer, int root = 0)
      | ^~~~~~
/mnt/c/Users/User/workspace/KaSpan/scc/include/mpi_basic/gather.hpp:36:1: note:   template argument deduction/substitution failed:
/mnt/c/Users/User/workspace/KaSpan/scc/include/debug/statistic.hpp:186:22: note:   mismatched types ‘T*’ and ‘std::nullptr_t’
  186 |     mpi_basic::gather(buffer_size, nullptr, 0);
      |     ~~~~~~~~~~~~~~~~~^~~~~~~~~~~~~~~~~~~~~~~~~
/mnt/c/Users/User/workspace/KaSpan/scc/include/debug/statistic.hpp:187:23: error: no matching function for call to ‘gatherv(const char*, const int&, std::nullptr_t, std::nullptr_t, std::nullptr_t, int)’
  187 |     mpi_basic::gatherv(json.data(), buffer_size, nullptr, nullptr, nullptr, 0);
      |     ~~~~~~~~~~~~~~~~~~^~~~~~~~~~~~~~~~~~~~~~~~~~~~~~~~~~~~~~~~~~~~~~~~~~~~~~~~
In file included from /mnt/c/Users/User/workspace/KaSpan/scc/include/mpi_basic/mpi_basic.hpp:15:
/mnt/c/Users/User/workspace/KaSpan/scc/include/mpi_basic/gatherv.hpp:22:1: note: candidate: ‘template<class T> void mpi_basic::gatherv(const T*, int, T*, const int*, const int*, int)’
   22 | gatherv(T const* send_buffer, int send_count, T* recv_buffer, int const* recv_counts, int const* displs, int root = 0)
      | ^~~~~~~
/mnt/c/Users/User/workspace/KaSpan/scc/include/mpi_basic/gatherv.hpp:22:1: note:   template argument deduction/substitution failed:
/mnt/c/Users/User/workspace/KaSpan/scc/include/debug/statistic.hpp:187:23: note:   mismatched types ‘T*’ and ‘std::nullptr_t’
  187 |     mpi_basic::gatherv(json.data(), buffer_size, nullptr, nullptr, nullptr, 0);
      |     ~~~~~~~~~~~~~~~~~~^~~~~~~~~~~~~~~~~~~~~~~~~~~~~~~~~~~~~~~~~~~~~~~~~~~~~~~~
/mnt/c/Users/User/workspace/KaSpan/scc/include/mpi_basic/gatherv.hpp:40:1: note: candidate: ‘template<class T> void mpi_basic::gatherv(const T*, MPI_Count, T*, const MPI_Count*, const MPI_Aint*, int)’
   40 | gatherv(T const* send_buffer, MPI_Count send_count, T* recv_buffer, MPI_Count const* recv_counts, MPI_Aint const* displs, int root = 0)
      | ^~~~~~~
/mnt/c/Users/User/workspace/KaSpan/scc/include/mpi_basic/gatherv.hpp:40:1: note:   template argument deduction/substitution failed:
/mnt/c/Users/User/workspace/KaSpan/scc/include/debug/statistic.hpp:187:23: note:   mismatched types ‘T*’ and ‘std::nullptr_t’
  187 |     mpi_basic::gatherv(json.data(), buffer_size, nullptr, nullptr, nullptr, 0);
      |     ~~~~~~~~~~~~~~~~~~^~~~~~~~~~~~~~~~~~~~~~~~~~~~~~~~~~~~~~~~~~~~~~~~~~~~~~~~
[2/38] Building CXX object CMakeFiles/test_ispan_tiny.dir/extern/ispan_test/test_ispan_tiny.cpp.o
FAILED: CMakeFiles/test_ispan_tiny.dir/extern/ispan_test/test_ispan_tiny.cpp.o 
/usr/bin/g++-14 -DKAMPING_ASSERT_ASSERTION_LEVEL=10 -DKASPAN_DEBUG -DKASPAN_NORMALIZE -DKASSERT_ASSERTION_LEVEL=10 -I/mnt/c/Users/User/workspace/KaSpan -I/mnt/c/Users/User/workspace/KaSpan/extern/ispan/include -I/mnt/c/Users/User/workspace/KaSpan/scc/include -isystem /mnt/c/Users/User/workspace/KaSpan/cmake-build-debug/_deps/BriefKAsten-src/src -isystem /mnt/c/Users/User/workspace/KaSpan/cmake-build-debug/_deps/BriefKAsten-build/_deps/kamping-src/include -isystem /mnt/c/Users/User/workspace/KaSpan/cmake-build-debug/_deps/BriefKAsten/include -isystem /mnt/c/Users/User/workspace/KaSpan/cmake-build-debug/_deps/stxxl/include -isystem /mnt/c/Users/User/workspace/KaSpan/cmake-build-debug/_deps/kagen/include -g -std=c++23 -flto=auto -fno-fat-lto-objects -fdiagnostics-color=always -MD -MT CMakeFiles/test_ispan_tiny.dir/extern/ispan_test/test_ispan_tiny.cpp.o -MF CMakeFiles/test_ispan_tiny.dir/extern/ispan_test/test_ispan_tiny.cpp.o.d -o CMakeFiles/test_ispan_tiny.dir/extern/ispan_test/test_ispan_tiny.cpp.o -c /mnt/c/Users/User/workspace/KaSpan/extern/ispan_test/test_ispan_tiny.cpp
In file included from /mnt/c/Users/User/workspace/KaSpan/extern/ispan/include/ispan/scc.hpp:6,
                 from /mnt/c/Users/User/workspace/KaSpan/extern/ispan_test/test_ispan_tiny.cpp:3:
/mnt/c/Users/User/workspace/KaSpan/scc/include/debug/statistic.hpp: In function ‘void kaspan_statistic_mpi_write_json(const char*)’:
/mnt/c/Users/User/workspace/KaSpan/scc/include/debug/statistic.hpp:186:22: error: no matching function for call to ‘gather(const int&, std::nullptr_t, int)’
  186 |     mpi_basic::gather(buffer_size, nullptr, 0);
      |     ~~~~~~~~~~~~~~~~~^~~~~~~~~~~~~~~~~~~~~~~~~
In file included from /mnt/c/Users/User/workspace/KaSpan/scc/include/mpi_basic/mpi_basic.hpp:14,
                 from /mnt/c/Users/User/workspace/KaSpan/scc/include/debug/statistic.hpp:10:
/mnt/c/Users/User/workspace/KaSpan/scc/include/mpi_basic/gather.hpp:21:1: note: candidate: ‘template<class T> void mpi_basic::gather(const T*, int, T*, int, int)’
   21 | gather(T const* send_buffer, int send_count, T* recv_buffer, int recv_count, int root = 0)
      | ^~~~~~
/mnt/c/Users/User/workspace/KaSpan/scc/include/mpi_basic/gather.hpp:21:1: note:   candidate expects 4 arguments, 3 provided
/mnt/c/Users/User/workspace/KaSpan/scc/include/mpi_basic/gather.hpp:36:1: note: candidate: ‘template<class T> void mpi_basic::gather(const T&, T*, int)’
   36 | gather(T const& send_value, T* recv_buffer, int root = 0)
      | ^~~~~~
/mnt/c/Users/User/workspace/KaSpan/scc/include/mpi_basic/gather.hpp:36:1: note:   template argument deduction/substitution failed:
/mnt/c/Users/User/workspace/KaSpan/scc/include/debug/statistic.hpp:186:22: note:   mismatched types ‘T*’ and ‘std::nullptr_t’
  186 |     mpi_basic::gather(buffer_size, nullptr, 0);
      |     ~~~~~~~~~~~~~~~~~^~~~~~~~~~~~~~~~~~~~~~~~~
/mnt/c/Users/User/workspace/KaSpan/scc/include/debug/statistic.hpp:187:23: error: no matching function for call to ‘gatherv(const char*, const int&, std::nullptr_t, std::nullptr_t, std::nullptr_t, int)’
  187 |     mpi_basic::gatherv(json.data(), buffer_size, nullptr, nullptr, nullptr, 0);
      |     ~~~~~~~~~~~~~~~~~~^~~~~~~~~~~~~~~~~~~~~~~~~~~~~~~~~~~~~~~~~~~~~~~~~~~~~~~~
In file included from /mnt/c/Users/User/workspace/KaSpan/scc/include/mpi_basic/mpi_basic.hpp:15:
/mnt/c/Users/User/workspace/KaSpan/scc/include/mpi_basic/gatherv.hpp:22:1: note: candidate: ‘template<class T> void mpi_basic::gatherv(const T*, int, T*, const int*, const int*, int)’
   22 | gatherv(T const* send_buffer, int send_count, T* recv_buffer, int const* recv_counts, int const* displs, int root = 0)
      | ^~~~~~~
/mnt/c/Users/User/workspace/KaSpan/scc/include/mpi_basic/gatherv.hpp:22:1: note:   template argument deduction/substitution failed:
/mnt/c/Users/User/workspace/KaSpan/scc/include/debug/statistic.hpp:187:23: note:   mismatched types ‘T*’ and ‘std::nullptr_t’
  187 |     mpi_basic::gatherv(json.data(), buffer_size, nullptr, nullptr, nullptr, 0);
      |     ~~~~~~~~~~~~~~~~~~^~~~~~~~~~~~~~~~~~~~~~~~~~~~~~~~~~~~~~~~~~~~~~~~~~~~~~~~
/mnt/c/Users/User/workspace/KaSpan/scc/include/mpi_basic/gatherv.hpp:40:1: note: candidate: ‘template<class T> void mpi_basic::gatherv(const T*, MPI_Count, T*, const MPI_Count*, const MPI_Aint*, int)’
   40 | gatherv(T const* send_buffer, MPI_Count send_count, T* recv_buffer, MPI_Count const* recv_counts, MPI_Aint const* displs, int root = 0)
      | ^~~~~~~
/mnt/c/Users/User/workspace/KaSpan/scc/include/mpi_basic/gatherv.hpp:40:1: note:   template argument deduction/substitution failed:
/mnt/c/Users/User/workspace/KaSpan/scc/include/debug/statistic.hpp:187:23: note:   mismatched types ‘T*’ and ‘std::nullptr_t’
  187 |     mpi_basic::gatherv(json.data(), buffer_size, nullptr, nullptr, nullptr, 0);
      |     ~~~~~~~~~~~~~~~~~~^~~~~~~~~~~~~~~~~~~~~~~~~~~~~~~~~~~~~~~~~~~~~~~~~~~~~~~~
[3/38] Building CXX object CMakeFiles/test_ispan_fuzzy.dir/extern/ispan_test/test_ispan_fuzzy.cpp.o
FAILED: CMakeFiles/test_ispan_fuzzy.dir/extern/ispan_test/test_ispan_fuzzy.cpp.o 
/usr/bin/g++-14 -DKAMPING_ASSERT_ASSERTION_LEVEL=10 -DKASPAN_DEBUG -DKASPAN_NORMALIZE -DKASSERT_ASSERTION_LEVEL=10 -I/mnt/c/Users/User/workspace/KaSpan -I/mnt/c/Users/User/workspace/KaSpan/extern/ispan/include -I/mnt/c/Users/User/workspace/KaSpan/scc/include -isystem /mnt/c/Users/User/workspace/KaSpan/cmake-build-debug/_deps/BriefKAsten-src/src -isystem /mnt/c/Users/User/workspace/KaSpan/cmake-build-debug/_deps/BriefKAsten-build/_deps/kamping-src/include -isystem /mnt/c/Users/User/workspace/KaSpan/cmake-build-debug/_deps/BriefKAsten/include -isystem /mnt/c/Users/User/workspace/KaSpan/cmake-build-debug/_deps/stxxl/include -isystem /mnt/c/Users/User/workspace/KaSpan/cmake-build-debug/_deps/kagen/include -g -std=c++23 -flto=auto -fno-fat-lto-objects -fdiagnostics-color=always -MD -MT CMakeFiles/test_ispan_fuzzy.dir/extern/ispan_test/test_ispan_fuzzy.cpp.o -MF CMakeFiles/test_ispan_fuzzy.dir/extern/ispan_test/test_ispan_fuzzy.cpp.o.d -o CMakeFiles/test_ispan_fuzzy.dir/extern/ispan_test/test_ispan_fuzzy.cpp.o -c /mnt/c/Users/User/workspace/KaSpan/extern/ispan_test/test_ispan_fuzzy.cpp
In file included from /mnt/c/Users/User/workspace/KaSpan/extern/ispan/include/ispan/scc.hpp:6,
                 from /mnt/c/Users/User/workspace/KaSpan/extern/ispan_test/test_ispan_fuzzy.cpp:3:
/mnt/c/Users/User/workspace/KaSpan/scc/include/debug/statistic.hpp: In function ‘void kaspan_statistic_mpi_write_json(const char*)’:
/mnt/c/Users/User/workspace/KaSpan/scc/include/debug/statistic.hpp:186:22: error: no matching function for call to ‘gather(const int&, std::nullptr_t, int)’
  186 |     mpi_basic::gather(buffer_size, nullptr, 0);
      |     ~~~~~~~~~~~~~~~~~^~~~~~~~~~~~~~~~~~~~~~~~~
In file included from /mnt/c/Users/User/workspace/KaSpan/scc/include/mpi_basic/mpi_basic.hpp:14,
                 from /mnt/c/Users/User/workspace/KaSpan/scc/include/debug/statistic.hpp:10:
/mnt/c/Users/User/workspace/KaSpan/scc/include/mpi_basic/gather.hpp:21:1: note: candidate: ‘template<class T> void mpi_basic::gather(const T*, int, T*, int, int)’
   21 | gather(T const* send_buffer, int send_count, T* recv_buffer, int recv_count, int root = 0)
      | ^~~~~~
/mnt/c/Users/User/workspace/KaSpan/scc/include/mpi_basic/gather.hpp:21:1: note:   candidate expects 4 arguments, 3 provided
/mnt/c/Users/User/workspace/KaSpan/scc/include/mpi_basic/gather.hpp:36:1: note: candidate: ‘template<class T> void mpi_basic::gather(const T&, T*, int)’
   36 | gather(T const& send_value, T* recv_buffer, int root = 0)
      | ^~~~~~
/mnt/c/Users/User/workspace/KaSpan/scc/include/mpi_basic/gather.hpp:36:1: note:   template argument deduction/substitution failed:
/mnt/c/Users/User/workspace/KaSpan/scc/include/debug/statistic.hpp:186:22: note:   mismatched types ‘T*’ and ‘std::nullptr_t’
  186 |     mpi_basic::gather(buffer_size, nullptr, 0);
      |     ~~~~~~~~~~~~~~~~~^~~~~~~~~~~~~~~~~~~~~~~~~
/mnt/c/Users/User/workspace/KaSpan/scc/include/debug/statistic.hpp:187:23: error: no matching function for call to ‘gatherv(const char*, const int&, std::nullptr_t, std::nullptr_t, std::nullptr_t, int)’
  187 |     mpi_basic::gatherv(json.data(), buffer_size, nullptr, nullptr, nullptr, 0);
      |     ~~~~~~~~~~~~~~~~~~^~~~~~~~~~~~~~~~~~~~~~~~~~~~~~~~~~~~~~~~~~~~~~~~~~~~~~~~
In file included from /mnt/c/Users/User/workspace/KaSpan/scc/include/mpi_basic/mpi_basic.hpp:15:
/mnt/c/Users/User/workspace/KaSpan/scc/include/mpi_basic/gatherv.hpp:22:1: note: candidate: ‘template<class T> void mpi_basic::gatherv(const T*, int, T*, const int*, const int*, int)’
   22 | gatherv(T const* send_buffer, int send_count, T* recv_buffer, int const* recv_counts, int const* displs, int root = 0)
      | ^~~~~~~
/mnt/c/Users/User/workspace/KaSpan/scc/include/mpi_basic/gatherv.hpp:22:1: note:   template argument deduction/substitution failed:
/mnt/c/Users/User/workspace/KaSpan/scc/include/debug/statistic.hpp:187:23: note:   mismatched types ‘T*’ and ‘std::nullptr_t’
  187 |     mpi_basic::gatherv(json.data(), buffer_size, nullptr, nullptr, nullptr, 0);
      |     ~~~~~~~~~~~~~~~~~~^~~~~~~~~~~~~~~~~~~~~~~~~~~~~~~~~~~~~~~~~~~~~~~~~~~~~~~~
/mnt/c/Users/User/workspace/KaSpan/scc/include/mpi_basic/gatherv.hpp:40:1: note: candidate: ‘template<class T> void mpi_basic::gatherv(const T*, MPI_Count, T*, const MPI_Count*, const MPI_Aint*, int)’
   40 | gatherv(T const* send_buffer, MPI_Count send_count, T* recv_buffer, MPI_Count const* recv_counts, MPI_Aint const* displs, int root = 0)
      | ^~~~~~~
/mnt/c/Users/User/workspace/KaSpan/scc/include/mpi_basic/gatherv.hpp:40:1: note:   template argument deduction/substitution failed:
/mnt/c/Users/User/workspace/KaSpan/scc/include/debug/statistic.hpp:187:23: note:   mismatched types ‘T*’ and ‘std::nullptr_t’
  187 |     mpi_basic::gatherv(json.data(), buffer_size, nullptr, nullptr, nullptr, 0);
      |     ~~~~~~~~~~~~~~~~~~^~~~~~~~~~~~~~~~~~~~~~~~~~~~~~~~~~~~~~~~~~~~~~~~~~~~~~~~
[4/38] Building CXX object CMakeFiles/bench_ispan.dir/tool/bench_ispan/src/main.cpp.o
FAILED: CMakeFiles/bench_ispan.dir/tool/bench_ispan/src/main.cpp.o 
/usr/bin/g++-14 -DKAMPING_ASSERT_ASSERTION_LEVEL=10 -DKASPAN_DEBUG -DKASPAN_STATISTIC -DKASSERT_ASSERTION_LEVEL=10 -I/mnt/c/Users/User/workspace/KaSpan -I/mnt/c/Users/User/workspace/KaSpan/extern/ispan/include -I/mnt/c/Users/User/workspace/KaSpan/scc/include -isystem /mnt/c/Users/User/workspace/KaSpan/cmake-build-debug/_deps/BriefKAsten-src/src -isystem /mnt/c/Users/User/workspace/KaSpan/cmake-build-debug/_deps/BriefKAsten-build/_deps/kamping-src/include -isystem /mnt/c/Users/User/workspace/KaSpan/cmake-build-debug/_deps/BriefKAsten/include -isystem /mnt/c/Users/User/workspace/KaSpan/cmake-build-debug/_deps/stxxl/include -isystem /mnt/c/Users/User/workspace/KaSpan/cmake-build-debug/_deps/kagen/include -g -std=c++23 -flto=auto -fno-fat-lto-objects -fdiagnostics-color=always -MD -MT CMakeFiles/bench_ispan.dir/tool/bench_ispan/src/main.cpp.o -MF CMakeFiles/bench_ispan.dir/tool/bench_ispan/src/main.cpp.o.d -o CMakeFiles/bench_ispan.dir/tool/bench_ispan/src/main.cpp.o -c /mnt/c/Users/User/workspace/KaSpan/tool/bench_ispan/src/main.cpp
In file included from /mnt/c/Users/User/workspace/KaSpan/extern/ispan/include/ispan/scc.hpp:6,
                 from /mnt/c/Users/User/workspace/KaSpan/tool/bench_ispan/src/main.cpp:1:
/mnt/c/Users/User/workspace/KaSpan/scc/include/debug/statistic.hpp: In function ‘void kaspan_statistic_mpi_write_json(const char*)’:
/mnt/c/Users/User/workspace/KaSpan/scc/include/debug/statistic.hpp:186:22: error: no matching function for call to ‘gather(const int&, std::nullptr_t, int)’
  186 |     mpi_basic::gather(buffer_size, nullptr, 0);
      |     ~~~~~~~~~~~~~~~~~^~~~~~~~~~~~~~~~~~~~~~~~~
In file included from /mnt/c/Users/User/workspace/KaSpan/scc/include/mpi_basic/mpi_basic.hpp:14,
                 from /mnt/c/Users/User/workspace/KaSpan/scc/include/debug/statistic.hpp:10:
/mnt/c/Users/User/workspace/KaSpan/scc/include/mpi_basic/gather.hpp:21:1: note: candidate: ‘template<class T> void mpi_basic::gather(const T*, int, T*, int, int)’
   21 | gather(T const* send_buffer, int send_count, T* recv_buffer, int recv_count, int root = 0)
      | ^~~~~~
/mnt/c/Users/User/workspace/KaSpan/scc/include/mpi_basic/gather.hpp:21:1: note:   candidate expects 4 arguments, 3 provided
/mnt/c/Users/User/workspace/KaSpan/scc/include/mpi_basic/gather.hpp:36:1: note: candidate: ‘template<class T> void mpi_basic::gather(const T&, T*, int)’
   36 | gather(T const& send_value, T* recv_buffer, int root = 0)
      | ^~~~~~
/mnt/c/Users/User/workspace/KaSpan/scc/include/mpi_basic/gather.hpp:36:1: note:   template argument deduction/substitution failed:
/mnt/c/Users/User/workspace/KaSpan/scc/include/debug/statistic.hpp:186:22: note:   mismatched types ‘T*’ and ‘std::nullptr_t’
  186 |     mpi_basic::gather(buffer_size, nullptr, 0);
      |     ~~~~~~~~~~~~~~~~~^~~~~~~~~~~~~~~~~~~~~~~~~
/mnt/c/Users/User/workspace/KaSpan/scc/include/debug/statistic.hpp:187:23: error: no matching function for call to ‘gatherv(const char*, const int&, std::nullptr_t, std::nullptr_t, std::nullptr_t, int)’
  187 |     mpi_basic::gatherv(json.data(), buffer_size, nullptr, nullptr, nullptr, 0);
      |     ~~~~~~~~~~~~~~~~~~^~~~~~~~~~~~~~~~~~~~~~~~~~~~~~~~~~~~~~~~~~~~~~~~~~~~~~~~
In file included from /mnt/c/Users/User/workspace/KaSpan/scc/include/mpi_basic/mpi_basic.hpp:15:
/mnt/c/Users/User/workspace/KaSpan/scc/include/mpi_basic/gatherv.hpp:22:1: note: candidate: ‘template<class T> void mpi_basic::gatherv(const T*, int, T*, const int*, const int*, int)’
   22 | gatherv(T const* send_buffer, int send_count, T* recv_buffer, int const* recv_counts, int const* displs, int root = 0)
      | ^~~~~~~
/mnt/c/Users/User/workspace/KaSpan/scc/include/mpi_basic/gatherv.hpp:22:1: note:   template argument deduction/substitution failed:
/mnt/c/Users/User/workspace/KaSpan/scc/include/debug/statistic.hpp:187:23: note:   mismatched types ‘T*’ and ‘std::nullptr_t’
  187 |     mpi_basic::gatherv(json.data(), buffer_size, nullptr, nullptr, nullptr, 0);
      |     ~~~~~~~~~~~~~~~~~~^~~~~~~~~~~~~~~~~~~~~~~~~~~~~~~~~~~~~~~~~~~~~~~~~~~~~~~~
/mnt/c/Users/User/workspace/KaSpan/scc/include/mpi_basic/gatherv.hpp:40:1: note: candidate: ‘template<class T> void mpi_basic::gatherv(const T*, MPI_Count, T*, const MPI_Count*, const MPI_Aint*, int)’
   40 | gatherv(T const* send_buffer, MPI_Count send_count, T* recv_buffer, MPI_Count const* recv_counts, MPI_Aint const* displs, int root = 0)
      | ^~~~~~~
/mnt/c/Users/User/workspace/KaSpan/scc/include/mpi_basic/gatherv.hpp:40:1: note:   template argument deduction/substitution failed:
/mnt/c/Users/User/workspace/KaSpan/scc/include/debug/statistic.hpp:187:23: note:   mismatched types ‘T*’ and ‘std::nullptr_t’
  187 |     mpi_basic::gatherv(json.data(), buffer_size, nullptr, nullptr, nullptr, 0);
      |     ~~~~~~~~~~~~~~~~~~^~~~~~~~~~~~~~~~~~~~~~~~~~~~~~~~~~~~~~~~~~~~~~~~~~~~~~~~
[5/38] Building CXX object CMakeFiles/bench_hpc_graph.dir/tool/bench_hpc_graph/src/main.cpp.o
FAILED: CMakeFiles/bench_hpc_graph.dir/tool/bench_hpc_graph/src/main.cpp.o 
/usr/bin/g++-14 -DKAMPING_ASSERT_ASSERTION_LEVEL=10 -DKASPAN_DEBUG -DKASPAN_STATISTIC -DKASSERT_ASSERTION_LEVEL=10 -I/mnt/c/Users/User/workspace/KaSpan/include -I/mnt/c/Users/User/workspace/KaSpan/scc/include -I/mnt/c/Users/User/workspace/KaSpan -I/mnt/c/Users/User/workspace/KaSpan/extern/hpc_graph/include -isystem /mnt/c/Users/User/workspace/KaSpan/cmake-build-debug/_deps/BriefKAsten-src/src -isystem /mnt/c/Users/User/workspace/KaSpan/cmake-build-debug/_deps/BriefKAsten-build/_deps/kamping-src/include -isystem /mnt/c/Users/User/workspace/KaSpan/cmake-build-debug/_deps/BriefKAsten/include -isystem /mnt/c/Users/User/workspace/KaSpan/cmake-build-debug/_deps/stxxl/include -isystem /mnt/c/Users/User/workspace/KaSpan/cmake-build-debug/_deps/kagen/include -g -std=c++23 -flto=auto -fno-fat-lto-objects -fdiagnostics-color=always -fopenmp -MD -MT CMakeFiles/bench_hpc_graph.dir/tool/bench_hpc_graph/src/main.cpp.o -MF CMakeFiles/bench_hpc_graph.dir/tool/bench_hpc_graph/src/main.cpp.o.d -o CMakeFiles/bench_hpc_graph.dir/tool/bench_hpc_graph/src/main.cpp.o -c /mnt/c/Users/User/workspace/KaSpan/tool/bench_hpc_graph/src/main.cpp
In file included from /mnt/c/Users/User/workspace/KaSpan/tool/bench_hpc_graph/src/main.cpp:4:
/mnt/c/Users/User/workspace/KaSpan/scc/include/debug/statistic.hpp: In function ‘void kaspan_statistic_mpi_write_json(const char*)’:
/mnt/c/Users/User/workspace/KaSpan/scc/include/debug/statistic.hpp:186:22: error: no matching function for call to ‘gather(const int&, std::nullptr_t, int)’
  186 |     mpi_basic::gather(buffer_size, nullptr, 0);
      |     ~~~~~~~~~~~~~~~~~^~~~~~~~~~~~~~~~~~~~~~~~~
In file included from /mnt/c/Users/User/workspace/KaSpan/scc/include/mpi_basic/mpi_basic.hpp:14,
                 from /mnt/c/Users/User/workspace/KaSpan/scc/include/scc/base.hpp:5,
                 from /mnt/c/Users/User/workspace/KaSpan/scc/include/scc/graph.hpp:4,
                 from /mnt/c/Users/User/workspace/KaSpan/tool/bench_hpc_graph/src/kaspan_adapter.hpp:7,
                 from /mnt/c/Users/User/workspace/KaSpan/tool/bench_hpc_graph/src/main.cpp:1:
/mnt/c/Users/User/workspace/KaSpan/scc/include/mpi_basic/gather.hpp:21:1: note: candidate: ‘template<class T> void mpi_basic::gather(const T*, int, T*, int, int)’
   21 | gather(T const* send_buffer, int send_count, T* recv_buffer, int recv_count, int root = 0)
      | ^~~~~~
/mnt/c/Users/User/workspace/KaSpan/scc/include/mpi_basic/gather.hpp:21:1: note:   candidate expects 4 arguments, 3 provided
/mnt/c/Users/User/workspace/KaSpan/scc/include/mpi_basic/gather.hpp:36:1: note: candidate: ‘template<class T> void mpi_basic::gather(const T&, T*, int)’
   36 | gather(T const& send_value, T* recv_buffer, int root = 0)
      | ^~~~~~
/mnt/c/Users/User/workspace/KaSpan/scc/include/mpi_basic/gather.hpp:36:1: note:   template argument deduction/substitution failed:
/mnt/c/Users/User/workspace/KaSpan/scc/include/debug/statistic.hpp:186:22: note:   mismatched types ‘T*’ and ‘std::nullptr_t’
  186 |     mpi_basic::gather(buffer_size, nullptr, 0);
      |     ~~~~~~~~~~~~~~~~~^~~~~~~~~~~~~~~~~~~~~~~~~
/mnt/c/Users/User/workspace/KaSpan/scc/include/debug/statistic.hpp:187:23: error: no matching function for call to ‘gatherv(const char*, const int&, std::nullptr_t, std::nullptr_t, std::nullptr_t, int)’
  187 |     mpi_basic::gatherv(json.data(), buffer_size, nullptr, nullptr, nullptr, 0);
      |     ~~~~~~~~~~~~~~~~~~^~~~~~~~~~~~~~~~~~~~~~~~~~~~~~~~~~~~~~~~~~~~~~~~~~~~~~~~
In file included from /mnt/c/Users/User/workspace/KaSpan/scc/include/mpi_basic/mpi_basic.hpp:15:
/mnt/c/Users/User/workspace/KaSpan/scc/include/mpi_basic/gatherv.hpp:22:1: note: candidate: ‘template<class T> void mpi_basic::gatherv(const T*, int, T*, const int*, const int*, int)’
   22 | gatherv(T const* send_buffer, int send_count, T* recv_buffer, int const* recv_counts, int const* displs, int root = 0)
      | ^~~~~~~
/mnt/c/Users/User/workspace/KaSpan/scc/include/mpi_basic/gatherv.hpp:22:1: note:   template argument deduction/substitution failed:
/mnt/c/Users/User/workspace/KaSpan/scc/include/debug/statistic.hpp:187:23: note:   mismatched types ‘T*’ and ‘std::nullptr_t’
  187 |     mpi_basic::gatherv(json.data(), buffer_size, nullptr, nullptr, nullptr, 0);
      |     ~~~~~~~~~~~~~~~~~~^~~~~~~~~~~~~~~~~~~~~~~~~~~~~~~~~~~~~~~~~~~~~~~~~~~~~~~~
/mnt/c/Users/User/workspace/KaSpan/scc/include/mpi_basic/gatherv.hpp:40:1: note: candidate: ‘template<class T> void mpi_basic::gatherv(const T*, MPI_Count, T*, const MPI_Count*, const MPI_Aint*, int)’
   40 | gatherv(T const* send_buffer, MPI_Count send_count, T* recv_buffer, MPI_Count const* recv_counts, MPI_Aint const* displs, int root = 0)
      | ^~~~~~~
/mnt/c/Users/User/workspace/KaSpan/scc/include/mpi_basic/gatherv.hpp:40:1: note:   template argument deduction/substitution failed:
/mnt/c/Users/User/workspace/KaSpan/scc/include/debug/statistic.hpp:187:23: note:   mismatched types ‘T*’ and ‘std::nullptr_t’
  187 |     mpi_basic::gatherv(json.data(), buffer_size, nullptr, nullptr, nullptr, 0);
      |     ~~~~~~~~~~~~~~~~~~^~~~~~~~~~~~~~~~~~~~~~~~~~~~~~~~~~~~~~~~~~~~~~~~~~~~~~~~
[6/38] Building CXX object CMakeFiles/test_kaspan_vs_ispan.dir/extern/ispan_test/test_kaspan_vs_ispan.cpp.o
FAILED: CMakeFiles/test_kaspan_vs_ispan.dir/extern/ispan_test/test_kaspan_vs_ispan.cpp.o 
/usr/bin/g++-14 -DKAMPING_ASSERT_ASSERTION_LEVEL=10 -DKASPAN_DEBUG -DKASPAN_NORMALIZE -DKASSERT_ASSERTION_LEVEL=10 -I/mnt/c/Users/User/workspace/KaSpan -I/mnt/c/Users/User/workspace/KaSpan/extern/ispan/include -I/mnt/c/Users/User/workspace/KaSpan/scc/include -isystem /mnt/c/Users/User/workspace/KaSpan/cmake-build-debug/_deps/BriefKAsten-src/src -isystem /mnt/c/Users/User/workspace/KaSpan/cmake-build-debug/_deps/BriefKAsten-build/_deps/kamping-src/include -isystem /mnt/c/Users/User/workspace/KaSpan/cmake-build-debug/_deps/BriefKAsten/include -isystem /mnt/c/Users/User/workspace/KaSpan/cmake-build-debug/_deps/stxxl/include -isystem /mnt/c/Users/User/workspace/KaSpan/cmake-build-debug/_deps/kagen/include -g -std=c++23 -flto=auto -fno-fat-lto-objects -fdiagnostics-color=always -MD -MT CMakeFiles/test_kaspan_vs_ispan.dir/extern/ispan_test/test_kaspan_vs_ispan.cpp.o -MF CMakeFiles/test_kaspan_vs_ispan.dir/extern/ispan_test/test_kaspan_vs_ispan.cpp.o.d -o CMakeFiles/test_kaspan_vs_ispan.dir/extern/ispan_test/test_kaspan_vs_ispan.cpp.o -c /mnt/c/Users/User/workspace/KaSpan/extern/ispan_test/test_kaspan_vs_ispan.cpp
In file included from /mnt/c/Users/User/workspace/KaSpan/extern/ispan_test/test_kaspan_vs_ispan.cpp:1:
/mnt/c/Users/User/workspace/KaSpan/scc/include/debug/statistic.hpp: In function ‘void kaspan_statistic_mpi_write_json(const char*)’:
/mnt/c/Users/User/workspace/KaSpan/scc/include/debug/statistic.hpp:186:22: error: no matching function for call to ‘gather(const int&, std::nullptr_t, int)’
  186 |     mpi_basic::gather(buffer_size, nullptr, 0);
      |     ~~~~~~~~~~~~~~~~~^~~~~~~~~~~~~~~~~~~~~~~~~
In file included from /mnt/c/Users/User/workspace/KaSpan/scc/include/mpi_basic/mpi_basic.hpp:14,
                 from /mnt/c/Users/User/workspace/KaSpan/scc/include/debug/statistic.hpp:10:
/mnt/c/Users/User/workspace/KaSpan/scc/include/mpi_basic/gather.hpp:21:1: note: candidate: ‘template<class T> void mpi_basic::gather(const T*, int, T*, int, int)’
   21 | gather(T const* send_buffer, int send_count, T* recv_buffer, int recv_count, int root = 0)
      | ^~~~~~
/mnt/c/Users/User/workspace/KaSpan/scc/include/mpi_basic/gather.hpp:21:1: note:   candidate expects 4 arguments, 3 provided
/mnt/c/Users/User/workspace/KaSpan/scc/include/mpi_basic/gather.hpp:36:1: note: candidate: ‘template<class T> void mpi_basic::gather(const T&, T*, int)’
   36 | gather(T const& send_value, T* recv_buffer, int root = 0)
      | ^~~~~~
/mnt/c/Users/User/workspace/KaSpan/scc/include/mpi_basic/gather.hpp:36:1: note:   template argument deduction/substitution failed:
/mnt/c/Users/User/workspace/KaSpan/scc/include/debug/statistic.hpp:186:22: note:   mismatched types ‘T*’ and ‘std::nullptr_t’
  186 |     mpi_basic::gather(buffer_size, nullptr, 0);
      |     ~~~~~~~~~~~~~~~~~^~~~~~~~~~~~~~~~~~~~~~~~~
/mnt/c/Users/User/workspace/KaSpan/scc/include/debug/statistic.hpp:187:23: error: no matching function for call to ‘gatherv(const char*, const int&, std::nullptr_t, std::nullptr_t, std::nullptr_t, int)’
  187 |     mpi_basic::gatherv(json.data(), buffer_size, nullptr, nullptr, nullptr, 0);
      |     ~~~~~~~~~~~~~~~~~~^~~~~~~~~~~~~~~~~~~~~~~~~~~~~~~~~~~~~~~~~~~~~~~~~~~~~~~~
In file included from /mnt/c/Users/User/workspace/KaSpan/scc/include/mpi_basic/mpi_basic.hpp:15:
/mnt/c/Users/User/workspace/KaSpan/scc/include/mpi_basic/gatherv.hpp:22:1: note: candidate: ‘template<class T> void mpi_basic::gatherv(const T*, int, T*, const int*, const int*, int)’
   22 | gatherv(T const* send_buffer, int send_count, T* recv_buffer, int const* recv_counts, int const* displs, int root = 0)
      | ^~~~~~~
/mnt/c/Users/User/workspace/KaSpan/scc/include/mpi_basic/gatherv.hpp:22:1: note:   template argument deduction/substitution failed:
/mnt/c/Users/User/workspace/KaSpan/scc/include/debug/statistic.hpp:187:23: note:   mismatched types ‘T*’ and ‘std::nullptr_t’
  187 |     mpi_basic::gatherv(json.data(), buffer_size, nullptr, nullptr, nullptr, 0);
      |     ~~~~~~~~~~~~~~~~~~^~~~~~~~~~~~~~~~~~~~~~~~~~~~~~~~~~~~~~~~~~~~~~~~~~~~~~~~
/mnt/c/Users/User/workspace/KaSpan/scc/include/mpi_basic/gatherv.hpp:40:1: note: candidate: ‘template<class T> void mpi_basic::gatherv(const T*, MPI_Count, T*, const MPI_Count*, const MPI_Aint*, int)’
   40 | gatherv(T const* send_buffer, MPI_Count send_count, T* recv_buffer, MPI_Count const* recv_counts, MPI_Aint const* displs, int root = 0)
      | ^~~~~~~
/mnt/c/Users/User/workspace/KaSpan/scc/include/mpi_basic/gatherv.hpp:40:1: note:   template argument deduction/substitution failed:
/mnt/c/Users/User/workspace/KaSpan/scc/include/debug/statistic.hpp:187:23: note:   mismatched types ‘T*’ and ‘std::nullptr_t’
  187 |     mpi_basic::gatherv(json.data(), buffer_size, nullptr, nullptr, nullptr, 0);
      |     ~~~~~~~~~~~~~~~~~~^~~~~~~~~~~~~~~~~~~~~~~~~~~~~~~~~~~~~~~~~~~~~~~~~~~~~~~~
[7/38] Building CXX object CMakeFiles/edgelist_converter.dir/tool/edgelist_converter/src/main.cpp.o
[8/38] Building CXX object CMakeFiles/bench_kaspan.dir/tool/bench_kaspan/src/main.cpp.o
FAILED: CMakeFiles/bench_kaspan.dir/tool/bench_kaspan/src/main.cpp.o 
/usr/bin/g++-14 -DKAMPING_ASSERT_ASSERTION_LEVEL=10 -DKASPAN_DEBUG -DKASPAN_STATISTIC -DKASSERT_ASSERTION_LEVEL=10 -I/mnt/c/Users/User/workspace/KaSpan -I/mnt/c/Users/User/workspace/KaSpan/scc/include -isystem /mnt/c/Users/User/workspace/KaSpan/cmake-build-debug/_deps/BriefKAsten-src/src -isystem /mnt/c/Users/User/workspace/KaSpan/cmake-build-debug/_deps/BriefKAsten-build/_deps/kamping-src/include -isystem /mnt/c/Users/User/workspace/KaSpan/cmake-build-debug/_deps/BriefKAsten/include -isystem /mnt/c/Users/User/workspace/KaSpan/cmake-build-debug/_deps/stxxl/include -isystem /mnt/c/Users/User/workspace/KaSpan/cmake-build-debug/_deps/kagen/include -g -std=c++23 -flto=auto -fno-fat-lto-objects -fdiagnostics-color=always -MD -MT CMakeFiles/bench_kaspan.dir/tool/bench_kaspan/src/main.cpp.o -MF CMakeFiles/bench_kaspan.dir/tool/bench_kaspan/src/main.cpp.o.d -o CMakeFiles/bench_kaspan.dir/tool/bench_kaspan/src/main.cpp.o -c /mnt/c/Users/User/workspace/KaSpan/tool/bench_kaspan/src/main.cpp
In file included from /mnt/c/Users/User/workspace/KaSpan/tool/bench_kaspan/src/main.cpp:1:
/mnt/c/Users/User/workspace/KaSpan/scc/include/debug/statistic.hpp: In function ‘void kaspan_statistic_mpi_write_json(const char*)’:
/mnt/c/Users/User/workspace/KaSpan/scc/include/debug/statistic.hpp:186:22: error: no matching function for call to ‘gather(const int&, std::nullptr_t, int)’
  186 |     mpi_basic::gather(buffer_size, nullptr, 0);
      |     ~~~~~~~~~~~~~~~~~^~~~~~~~~~~~~~~~~~~~~~~~~
In file included from /mnt/c/Users/User/workspace/KaSpan/scc/include/mpi_basic/mpi_basic.hpp:14,
                 from /mnt/c/Users/User/workspace/KaSpan/scc/include/debug/statistic.hpp:10:
/mnt/c/Users/User/workspace/KaSpan/scc/include/mpi_basic/gather.hpp:21:1: note: candidate: ‘template<class T> void mpi_basic::gather(const T*, int, T*, int, int)’
   21 | gather(T const* send_buffer, int send_count, T* recv_buffer, int recv_count, int root = 0)
      | ^~~~~~
/mnt/c/Users/User/workspace/KaSpan/scc/include/mpi_basic/gather.hpp:21:1: note:   candidate expects 4 arguments, 3 provided
/mnt/c/Users/User/workspace/KaSpan/scc/include/mpi_basic/gather.hpp:36:1: note: candidate: ‘template<class T> void mpi_basic::gather(const T&, T*, int)’
   36 | gather(T const& send_value, T* recv_buffer, int root = 0)
      | ^~~~~~
/mnt/c/Users/User/workspace/KaSpan/scc/include/mpi_basic/gather.hpp:36:1: note:   template argument deduction/substitution failed:
/mnt/c/Users/User/workspace/KaSpan/scc/include/debug/statistic.hpp:186:22: note:   mismatched types ‘T*’ and ‘std::nullptr_t’
  186 |     mpi_basic::gather(buffer_size, nullptr, 0);
      |     ~~~~~~~~~~~~~~~~~^~~~~~~~~~~~~~~~~~~~~~~~~
/mnt/c/Users/User/workspace/KaSpan/scc/include/debug/statistic.hpp:187:23: error: no matching function for call to ‘gatherv(const char*, const int&, std::nullptr_t, std::nullptr_t, std::nullptr_t, int)’
  187 |     mpi_basic::gatherv(json.data(), buffer_size, nullptr, nullptr, nullptr, 0);
      |     ~~~~~~~~~~~~~~~~~~^~~~~~~~~~~~~~~~~~~~~~~~~~~~~~~~~~~~~~~~~~~~~~~~~~~~~~~~
In file included from /mnt/c/Users/User/workspace/KaSpan/scc/include/mpi_basic/mpi_basic.hpp:15:
/mnt/c/Users/User/workspace/KaSpan/scc/include/mpi_basic/gatherv.hpp:22:1: note: candidate: ‘template<class T> void mpi_basic::gatherv(const T*, int, T*, const int*, const int*, int)’
   22 | gatherv(T const* send_buffer, int send_count, T* recv_buffer, int const* recv_counts, int const* displs, int root = 0)
      | ^~~~~~~
/mnt/c/Users/User/workspace/KaSpan/scc/include/mpi_basic/gatherv.hpp:22:1: note:   template argument deduction/substitution failed:
/mnt/c/Users/User/workspace/KaSpan/scc/include/debug/statistic.hpp:187:23: note:   mismatched types ‘T*’ and ‘std::nullptr_t’
  187 |     mpi_basic::gatherv(json.data(), buffer_size, nullptr, nullptr, nullptr, 0);
      |     ~~~~~~~~~~~~~~~~~~^~~~~~~~~~~~~~~~~~~~~~~~~~~~~~~~~~~~~~~~~~~~~~~~~~~~~~~~
/mnt/c/Users/User/workspace/KaSpan/scc/include/mpi_basic/gatherv.hpp:40:1: note: candidate: ‘template<class T> void mpi_basic::gatherv(const T*, MPI_Count, T*, const MPI_Count*, const MPI_Aint*, int)’
   40 | gatherv(T const* send_buffer, MPI_Count send_count, T* recv_buffer, MPI_Count const* recv_counts, MPI_Aint const* displs, int root = 0)
      | ^~~~~~~
/mnt/c/Users/User/workspace/KaSpan/scc/include/mpi_basic/gatherv.hpp:40:1: note:   template argument deduction/substitution failed:
/mnt/c/Users/User/workspace/KaSpan/scc/include/debug/statistic.hpp:187:23: note:   mismatched types ‘T*’ and ‘std::nullptr_t’
  187 |     mpi_basic::gatherv(json.data(), buffer_size, nullptr, nullptr, nullptr, 0);
      |     ~~~~~~~~~~~~~~~~~~^~~~~~~~~~~~~~~~~~~~~~~~~~~~~~~~~~~~~~~~~~~~~~~~~~~~~~~~
ninja: build stopped: subcommand failed.
